\BOOKMARK [0][-]{chapter*.4}{Pengantar}{}% 1
\BOOKMARK [-1][-]{part*.5}{Bahasa\040Pemrograman\040R}{}% 2
\BOOKMARK [0][-]{chapter.1}{Mengenal\040Bahasa\040R}{part*.5}% 3
\BOOKMARK [1][-]{section.1.1}{Sejarah\040R}{chapter.1}% 4
\BOOKMARK [1][-]{section.1.2}{Fitur\040dan\040Karakteristik\040R}{chapter.1}% 5
\BOOKMARK [1][-]{section.1.3}{Kelebihan\040dan\040Kekurangan\040R}{chapter.1}% 6
\BOOKMARK [1][-]{section.1.4}{RStudio}{chapter.1}% 7
\BOOKMARK [1][-]{section.1.5}{Menginstall\040R\040dan\040RStudio}{chapter.1}% 8
\BOOKMARK [1][-]{section.1.6}{Working\040Directory}{chapter.1}% 9
\BOOKMARK [1][-]{section.1.7}{Fasilitas\040Help}{chapter.1}% 10
\BOOKMARK [1][-]{section.1.8}{Referensi}{chapter.1}% 11
\BOOKMARK [0][-]{chapter.2}{Sintaks\040Bahasa\040R}{part*.5}% 12
\BOOKMARK [1][-]{section.2.1}{Operator\040Aritmatika}{chapter.2}% 13
\BOOKMARK [1][-]{section.2.2}{Fungsi\040Aritmetik}{chapter.2}% 14
\BOOKMARK [1][-]{section.2.3}{Operator\040Relasi}{chapter.2}% 15
\BOOKMARK [1][-]{section.2.4}{Operator\040Logika}{chapter.2}% 16
\BOOKMARK [1][-]{section.2.5}{Memasukkan\040Nilai\040Kedalam\040Variabel}{chapter.2}% 17
\BOOKMARK [1][-]{section.2.6}{Tipe\040Data}{chapter.2}% 18
\BOOKMARK [1][-]{section.2.7}{Vektor}{chapter.2}% 19
\BOOKMARK [1][-]{section.2.8}{Matriks}{chapter.2}% 20
\BOOKMARK [1][-]{section.2.9}{Faktor}{chapter.2}% 21
\BOOKMARK [1][-]{section.2.10}{Data\040Frames}{chapter.2}% 22
\BOOKMARK [1][-]{section.2.11}{List}{chapter.2}% 23
\BOOKMARK [1][-]{section.2.12}{Loop}{chapter.2}% 24
\BOOKMARK [1][-]{section.2.13}{Decision\040Making}{chapter.2}% 25
\BOOKMARK [1][-]{section.2.14}{Fungsi}{chapter.2}% 26
\BOOKMARK [1][-]{section.2.15}{Referensi}{chapter.2}% 27
\BOOKMARK [0][-]{chapter.3}{Manajemen\040Data\040R}{part*.5}% 28
\BOOKMARK [1][-]{section.3.1}{Import\040File}{chapter.3}% 29
\BOOKMARK [1][-]{section.3.2}{Eksport\040File}{chapter.3}% 30
\BOOKMARK [1][-]{section.3.3}{Tibble\040Data\040Format}{chapter.3}% 31
\BOOKMARK [1][-]{section.3.4}{Merapikan\040Data}{chapter.3}% 32
\BOOKMARK [1][-]{section.3.5}{Transformasi\040Data}{chapter.3}% 33
\BOOKMARK [1][-]{section.3.6}{Referensi}{chapter.3}% 34
\BOOKMARK [-1][-]{part*.6}{Visualisasi\040Data\040-\040R}{}% 35
\BOOKMARK [0][-]{chapter.4}{Visualisasi\040Data\040Menggunakan\040Fungsi\040Dasar\040R}{part*.6}% 36
\BOOKMARK [1][-]{section.4.1}{Visualisasi\040Data\040Menggunakan\040Fungsi\040plot\(\)}{chapter.4}% 37
\BOOKMARK [1][-]{section.4.2}{Matriks\040Scatterplot}{chapter.4}% 38
\BOOKMARK [1][-]{section.4.3}{Box\040plot}{chapter.4}% 39
\BOOKMARK [1][-]{section.4.4}{Bar\040Plot}{chapter.4}% 40
\BOOKMARK [1][-]{section.4.5}{Line\040Plot}{chapter.4}% 41
\BOOKMARK [1][-]{section.4.6}{Pie\040Chart}{chapter.4}% 42
\BOOKMARK [1][-]{section.4.7}{Histogram\040dan\040Density\040Plot}{chapter.4}% 43
\BOOKMARK [1][-]{section.4.8}{QQ\040Plot}{chapter.4}% 44
\BOOKMARK [1][-]{section.4.9}{Dot\040Chart}{chapter.4}% 45
\BOOKMARK [1][-]{section.4.10}{Kustomisasi\040Parameter\040Grafik}{chapter.4}% 46
\BOOKMARK [1][-]{section.4.11}{Alternatif\040Library\040Dasar\040Lain}{chapter.4}% 47
\BOOKMARK [1][-]{section.4.12}{Referensi}{chapter.4}% 48
\BOOKMARK [0][-]{chapter.5}{Visualisasi\040Data\040Menggunakan\040GGPLOT}{part*.6}% 49
\BOOKMARK [1][-]{section.5.1}{Scatterplot}{chapter.5}% 50
\BOOKMARK [1][-]{section.5.2}{Box\040Plot\040dan\040Violin\040Plot}{chapter.5}% 51
\BOOKMARK [1][-]{section.5.3}{Bar\040Plot}{chapter.5}% 52
\BOOKMARK [1][-]{section.5.4}{Line\040Plot}{chapter.5}% 53
\BOOKMARK [1][-]{section.5.5}{Pie\040Chart}{chapter.5}% 54
\BOOKMARK [1][-]{section.5.6}{Histogram\040dan\040Desity\040Plot}{chapter.5}% 55
\BOOKMARK [1][-]{section.5.7}{QQ\040Plot}{chapter.5}% 56
\BOOKMARK [1][-]{section.5.8}{Dot\040Plot}{chapter.5}% 57
\BOOKMARK [1][-]{section.5.9}{ECDF\040Plot}{chapter.5}% 58
\BOOKMARK [1][-]{section.5.10}{Parameter\040Grafik}{chapter.5}% 59
\BOOKMARK [1][-]{section.5.11}{Referensi}{chapter.5}% 60
\BOOKMARK [-1][-]{part*.7}{Statistika\040Deskriptif\040-\040R}{}% 61
\BOOKMARK [0][-]{chapter.6}{Ringkasan\040Numerik}{part*.7}% 62
\BOOKMARK [1][-]{section.6.1}{Ukuran\040Pemusatan\040Data}{chapter.6}% 63
\BOOKMARK [1][-]{section.6.2}{Ukuran\040Sebaran\040Data}{chapter.6}% 64
\BOOKMARK [1][-]{section.6.3}{Ringkasan\040Data\040Menggunakan\040Fungsi\040summary\(\)\040dan\040stat.desc\(\)}{chapter.6}% 65
\BOOKMARK [1][-]{section.6.4}{Ukuran\040Kemencengan\040Data}{chapter.6}% 66
\BOOKMARK [1][-]{section.6.5}{Outlier}{chapter.6}% 67
\BOOKMARK [1][-]{section.6.6}{Transformasi\040Data}{chapter.6}% 68
\BOOKMARK [1][-]{section.6.7}{Referensi}{chapter.6}% 69
\BOOKMARK [0][-]{chapter.7}{Ekplorasi\040Data\040Menggunakan\040Grafik}{part*.7}% 70
\BOOKMARK [1][-]{section.7.1}{Grafik\040Untuk\040Melihat\040Ditribusi\040Data}{chapter.7}% 71
\BOOKMARK [1][-]{section.7.2}{Grafik\040Untuk\040Melihat\040Beda\040Distribusi\040Data\040Antar\040Grup}{chapter.7}% 72
\BOOKMARK [1][-]{section.7.3}{Grafik\040Untuk\040Memvisualisasikan\040Korelasi\040Antar\040Variabel}{chapter.7}% 73
\BOOKMARK [1][-]{section.7.4}{Grafik\040Yang\040Digunakan\040Untuk\040Memvisualisasikan\040Asosiasi\040Antar\040Variabel}{chapter.7}% 74
\BOOKMARK [1][-]{section.7.5}{Grafik\040Yang\040Digunakan\040Untuk\040Memisualisasikan\040Ukuran\040Sampel\040dan\040Perubahan\040Sepanjang\040Waktu}{chapter.7}% 75
\BOOKMARK [1][-]{section.7.6}{Referensi}{chapter.7}% 76
\BOOKMARK [-1][-]{part*.8}{Statistika\040Inferensi\040-\040R}{}% 77
\BOOKMARK [0][-]{chapter.8}{Penaksiran\040Secara\040Statistika}{part*.8}% 78
\BOOKMARK [1][-]{section.8.1}{Definisi\040Interval\040Estimasi}{chapter.8}% 79
\BOOKMARK [1][-]{section.8.2}{Interpretasi\040Interval\040Estimasi}{chapter.8}% 80
\BOOKMARK [1][-]{section.8.3}{Interval\040Kepercayaan\040Median}{chapter.8}% 81
\BOOKMARK [1][-]{section.8.4}{Interval\040Kepercayaan\040Mean}{chapter.8}% 82
\BOOKMARK [1][-]{section.8.5}{Interval\040Prediksi\040Nonparametrik}{chapter.8}% 83
\BOOKMARK [1][-]{section.8.6}{Interval\040Prediksi\040Parametrik}{chapter.8}% 84
\BOOKMARK [1][-]{section.8.7}{Interval\040Kepercayaan\040Persentil\040\(Interval\040Toleransi\)}{chapter.8}% 85
\BOOKMARK [1][-]{section.8.8}{Interval\040Kepercayaan\040Menggunakan\040Metode\040Bootstrap}{chapter.8}% 86
\BOOKMARK [1][-]{section.8.9}{Kegunaan\040Lain\040Dari\040Interval\040Kepercayaan}{chapter.8}% 87
\BOOKMARK [1][-]{section.8.10}{Referensi}{chapter.8}% 88
